<?xml version="1.0" encoding="UTF-8"?>
<!-- Generated by org.testng.reporters.JUnitReportReporter -->
<testsuite hostname="NOI-60XT6C2" name="com.sample.SampleClass1" tests="1" failures="0" timestamp="13 Jul 2018 10:09:54 GMT" time="0.000" errors="0">
  <testcase name="show" time="0.000" classname="com.sample.SampleClass1"/>
</testsuite> <!-- com.sample.SampleClass1 -->
