<?xml version="1.0" encoding="UTF-8"?>
<!-- Generated by org.testng.reporters.JUnitReportReporter -->
<testsuite hostname="NOI-60XT6C2" name="com.sample.SampleClass" tests="1" failures="0" timestamp="13 Jul 2018 10:09:54 GMT" time="0.006" errors="0">
  <testcase name="show" time="0.006" classname="com.sample.SampleClass"/>
</testsuite> <!-- com.sample.SampleClass -->
